<?xml version="1.0" encoding="UTF-8"?>
<testsuite name="GameTest" tests="4" skipped="0" failures="0" errors="0" timestamp="2016-09-08T20:12:28" hostname="epicodus-9.local" time="0.002">
  <properties/>
  <testcase name="newGame_checkAnswer_false" classname="GameTest" time="0.001"/>
  <testcase name="newGame_instantiatesCorrectly" classname="GameTest" time="0.001"/>
  <testcase name="newGame_getsAnswer_test" classname="GameTest" time="0.0"/>
  <testcase name="newGame_getsLetter_test" classname="GameTest" time="0.0"/>
  <system-out><![CDATA[]]></system-out>
  <system-err><![CDATA[]]></system-err>
</testsuite>
